0 info it worked if it ends with ok
1 verbose cli [ '/usr/bin/node', '/usr/bin/npm', 'install', 'nodejs@12.18.2' ]
2 info using npm@3.5.2
3 info using node@v8.10.0
4 silly loadCurrentTree Starting
5 silly install loadCurrentTree
6 silly install readLocalPackageData
7 silly fetchPackageMetaData nodejs@12.18.2
8 silly fetchNamedPackageData nodejs
9 silly mapToRegistry name nodejs
10 silly mapToRegistry using default registry
11 silly mapToRegistry registry https://registry.npmjs.org/
12 silly mapToRegistry uri https://registry.npmjs.org/nodejs
13 verbose request uri https://registry.npmjs.org/nodejs
14 verbose request no auth needed
15 info attempt registry request try #1 at 10:38:56 PM
16 verbose request id 9edd5936934d9e45
17 verbose etag W/"0ab09698bf337294c0516e1729174f6a"
18 verbose lastModified Sun, 27 May 2018 10:27:33 GMT
19 http request GET https://registry.npmjs.org/nodejs
20 http 304 https://registry.npmjs.org/nodejs
21 verbose headers { date: 'Thu, 07 Apr 2022 21:38:56 GMT',
21 verbose headers   connection: 'keep-alive',
21 verbose headers   'cf-ray': '6f85e9c0ad17f403-LHR',
21 verbose headers   age: '31',
21 verbose headers   'cache-control': 'public, max-age=300',
21 verbose headers   etag: '"0ab09698bf337294c0516e1729174f6a"',
21 verbose headers   'last-modified': 'Sun, 27 May 2018 10:27:33 GMT',
21 verbose headers   vary: 'Accept-Encoding',
21 verbose headers   'cf-cache-status': 'HIT',
21 verbose headers   'expect-ct': 'max-age=604800, report-uri="https://report-uri.cloudflare.com/cdn-cgi/beacon/expect-ct"',
21 verbose headers   server: 'cloudflare' }
22 silly get cb [ 304,
22 silly get   { date: 'Thu, 07 Apr 2022 21:38:56 GMT',
22 silly get     connection: 'keep-alive',
22 silly get     'cf-ray': '6f85e9c0ad17f403-LHR',
22 silly get     age: '31',
22 silly get     'cache-control': 'public, max-age=300',
22 silly get     etag: '"0ab09698bf337294c0516e1729174f6a"',
22 silly get     'last-modified': 'Sun, 27 May 2018 10:27:33 GMT',
22 silly get     vary: 'Accept-Encoding',
22 silly get     'cf-cache-status': 'HIT',
22 silly get     'expect-ct': 'max-age=604800, report-uri="https://report-uri.cloudflare.com/cdn-cgi/beacon/expect-ct"',
22 silly get     server: 'cloudflare' } ]
23 verbose etag https://registry.npmjs.org/nodejs from cache
24 verbose get saving nodejs to /home/rougi/.npm/registry.npmjs.org/nodejs/.cache.json
25 silly fetchPackageMetaData Error: No compatible version found: nodejs@12.18.2
25 silly fetchPackageMetaData Valid install targets:
25 silly fetchPackageMetaData 0.0.0
25 silly fetchPackageMetaData
25 silly fetchPackageMetaData     at pickVersionFromRegistryDocument (/usr/share/npm/lib/fetch-package-metadata.js:156:16)
25 silly fetchPackageMetaData     at /usr/share/npm/node_modules/iferr/index.js:13:50
25 silly fetchPackageMetaData     at /usr/share/npm/lib/utils/pulse-till-done.js:19:8
25 silly fetchPackageMetaData     at saved (/usr/share/npm/lib/cache/caching-client.js:168:7)
25 silly fetchPackageMetaData     at /usr/share/npm/node_modules/graceful-fs/polyfills.js:210:7
25 silly fetchPackageMetaData     at FSReqWrap.oncomplete (fs.js:135:15)
25 silly fetchPackageMetaData  error for nodejs@12.18.2 Error: No compatible version found: nodejs@12.18.2
25 silly fetchPackageMetaData Valid install targets:
25 silly fetchPackageMetaData 0.0.0
25 silly fetchPackageMetaData
25 silly fetchPackageMetaData     at pickVersionFromRegistryDocument (/usr/share/npm/lib/fetch-package-metadata.js:156:16)
25 silly fetchPackageMetaData     at /usr/share/npm/node_modules/iferr/index.js:13:50
25 silly fetchPackageMetaData     at /usr/share/npm/lib/utils/pulse-till-done.js:19:8
25 silly fetchPackageMetaData     at saved (/usr/share/npm/lib/cache/caching-client.js:168:7)
25 silly fetchPackageMetaData     at /usr/share/npm/node_modules/graceful-fs/polyfills.js:210:7
25 silly fetchPackageMetaData     at FSReqWrap.oncomplete (fs.js:135:15)
26 silly rollbackFailedOptional Starting
27 silly rollbackFailedOptional Finishing
28 silly runTopLevelLifecycles Starting
29 silly runTopLevelLifecycles Finishing
30 silly install printInstalled
31 verbose stack Error: No compatible version found: nodejs@12.18.2
31 verbose stack Valid install targets:
31 verbose stack 0.0.0
31 verbose stack
31 verbose stack     at pickVersionFromRegistryDocument (/usr/share/npm/lib/fetch-package-metadata.js:156:16)
31 verbose stack     at /usr/share/npm/node_modules/iferr/index.js:13:50
31 verbose stack     at /usr/share/npm/lib/utils/pulse-till-done.js:19:8
31 verbose stack     at saved (/usr/share/npm/lib/cache/caching-client.js:168:7)
31 verbose stack     at /usr/share/npm/node_modules/graceful-fs/polyfills.js:210:7
31 verbose stack     at FSReqWrap.oncomplete (fs.js:135:15)
32 verbose cwd /home/rougi/workplace/fabric-samples
33 error Linux 5.10.16.3-microsoft-standard-WSL2
34 error argv "/usr/bin/node" "/usr/bin/npm" "install" "nodejs@12.18.2"
35 error node v8.10.0
36 error npm  v3.5.2
37 error No compatible version found: nodejs@12.18.2
37 error Valid install targets:
37 error 0.0.0
38 error If you need help, you may report this error at:
38 error     <https://github.com/npm/npm/issues>
39 verbose exit [ 1, true ]
